Flow report for uygulama12
Wed Apr 24 07:39:25 2019
Quartus Prime Version 18.1.0 Build 625 09/12/2018 SJ Lite Edition


---------------------
; Table of Contents ;
---------------------
  1. Legal Notice
  2. Flow Summary
  3. Flow Settings
  4. Flow Non-Default Global Settings
  5. Flow Elapsed Time
  6. Flow OS Summary
  7. Flow Log
  8. Flow Messages
  9. Flow Suppressed Messages



----------------
; Legal Notice ;
----------------
Copyright (C) 2018  Intel Corporation. All rights reserved.
Your use of Intel Corporation's design tools, logic functions 
and other software and tools, and its AMPP partner logic 
functions, and any output files from any of the foregoing 
(including device programming or simulation files), and any 
associated documentation or information are expressly subject 
to the terms and conditions of the Intel Program License 
Subscription Agreement, the Intel Quartus Prime License Agreement,
the Intel FPGA IP License Agreement, or other applicable license
agreement, including, without limitation, that your use is for
the sole purpose of programming logic devices manufactured by
Intel and sold by Intel or its authorized distributors.  Please
refer to the applicable agreement for further details.



+----------------------------------------------------------------------------------+
; Flow Summary                                                                     ;
+------------------------------------+---------------------------------------------+
; Flow Status                        ; Successful - Wed Apr 24 07:39:25 2019       ;
; Quartus Prime Version              ; 18.1.0 Build 625 09/12/2018 SJ Lite Edition ;
; Revision Name                      ; uygulama12                                  ;
; Top-level Entity Name              ; uygulama12                                  ;
; Family                             ; Cyclone IV E                                ;
; Device                             ; EP4CE115F29C7                               ;
; Timing Models                      ; Final                                       ;
; Total logic elements               ; 8,042 / 114,480 ( 7 % )                     ;
;     Total combinational functions  ; 6,470 / 114,480 ( 6 % )                     ;
;     Dedicated logic registers      ; 5,526 / 114,480 ( 5 % )                     ;
; Total registers                    ; 5526                                        ;
; Total pins                         ; 45 / 529 ( 9 % )                            ;
; Total virtual pins                 ; 0                                           ;
; Total memory bits                  ; 6,595 / 3,981,312 ( < 1 % )                 ;
; Embedded Multiplier 9-bit elements ; 92 / 532 ( 17 % )                           ;
; Total PLLs                         ; 0 / 4 ( 0 % )                               ;
+------------------------------------+---------------------------------------------+


+-----------------------------------------+
; Flow Settings                           ;
+-------------------+---------------------+
; Option            ; Setting             ;
+-------------------+---------------------+
; Start date & time ; 04/24/2019 07:37:07 ;
; Main task         ; Compilation         ;
; Revision Name     ; uygulama12          ;
+-------------------+---------------------+


+-----------------------------------------------------------------------------------------------------------------------------+
; Flow Non-Default Global Settings                                                                                            ;
+-------------------------------------+----------------------------------------+---------------+-------------+----------------+
; Assignment Name                     ; Value                                  ; Default Value ; Entity Name ; Section Id     ;
+-------------------------------------+----------------------------------------+---------------+-------------+----------------+
; COMPILER_SIGNATURE_ID               ; 141812757945313.155608062612665        ; --            ; --          ; --             ;
; EDA_OUTPUT_DATA_FORMAT              ; Vhdl                                   ; --            ; --          ; eda_simulation ;
; EDA_SIMULATION_TOOL                 ; ModelSim-Altera (VHDL)                 ; <None>        ; --          ; --             ;
; EDA_TIME_SCALE                      ; 1 ps                                   ; --            ; --          ; eda_simulation ;
; MAX_CORE_JUNCTION_TEMP              ; 85                                     ; --            ; --          ; --             ;
; MIN_CORE_JUNCTION_TEMP              ; 0                                      ; --            ; --          ; --             ;
; MISC_FILE                           ; fpmult.bsf                             ; --            ; --          ; --             ;
; MISC_FILE                           ; fpmult_inst.vhd                        ; --            ; --          ; --             ;
; MISC_FILE                           ; fpmult.inc                             ; --            ; --          ; --             ;
; MISC_FILE                           ; fpmult.cmp                             ; --            ; --          ; --             ;
; MISC_FILE                           ; fpadd_inst.vhd                         ; --            ; --          ; --             ;
; MISC_FILE                           ; fpadd.cmp                              ; --            ; --          ; --             ;
; MISC_FILE                           ; fpsub_inst.vhd                         ; --            ; --          ; --             ;
; MISC_FILE                           ; fpsub.cmp                              ; --            ; --          ; --             ;
; MISC_FILE                           ; fpdiv_inst.vhd                         ; --            ; --          ; --             ;
; MISC_FILE                           ; fpdiv.cmp                              ; --            ; --          ; --             ;
; MISC_FILE                           ; fpexp.bsf                              ; --            ; --          ; --             ;
; MISC_FILE                           ; fpexp_inst.vhd                         ; --            ; --          ; --             ;
; MISC_FILE                           ; fpexp.inc                              ; --            ; --          ; --             ;
; MISC_FILE                           ; fpexp.cmp                              ; --            ; --          ; --             ;
; NOMINAL_CORE_SUPPLY_VOLTAGE         ; 1.2V                                   ; --            ; --          ; --             ;
; PARTITION_COLOR                     ; -- (Not supported for targeted family) ; --            ; --          ; Top            ;
; PARTITION_FITTER_PRESERVATION_LEVEL ; -- (Not supported for targeted family) ; --            ; --          ; Top            ;
; PARTITION_NETLIST_TYPE              ; -- (Not supported for targeted family) ; --            ; --          ; Top            ;
; PROJECT_OUTPUT_DIRECTORY            ; output_files                           ; --            ; --          ; --             ;
+-------------------------------------+----------------------------------------+---------------+-------------+----------------+


+--------------------------------------------------------------------------------------------------------------------------+
; Flow Elapsed Time                                                                                                        ;
+----------------------+--------------+-------------------------+---------------------+------------------------------------+
; Module Name          ; Elapsed Time ; Average Processors Used ; Peak Virtual Memory ; Total CPU Time (on all processors) ;
+----------------------+--------------+-------------------------+---------------------+------------------------------------+
; Analysis & Synthesis ; 00:00:41     ; 1.0                     ; 1179 MB             ; 00:00:59                           ;
; Fitter               ; 00:01:13     ; 1.1                     ; 1822 MB             ; 00:02:11                           ;
; Assembler            ; 00:00:04     ; 1.0                     ; 843 MB              ; 00:00:04                           ;
; Timing Analyzer      ; 00:00:06     ; 1.6                     ; 1017 MB             ; 00:00:07                           ;
; EDA Netlist Writer   ; 00:00:09     ; 1.0                     ; 1139 MB             ; 00:00:09                           ;
; Total                ; 00:02:13     ; --                      ; --                  ; 00:03:30                           ;
+----------------------+--------------+-------------------------+---------------------+------------------------------------+


+---------------------------------------------------------------------------------------+
; Flow OS Summary                                                                       ;
+----------------------+-------------------+--------------+------------+----------------+
; Module Name          ; Machine Hostname  ; OS Name      ; OS Version ; Processor type ;
+----------------------+-------------------+--------------+------------+----------------+
; Analysis & Synthesis ; mehmet-ABRA-A5-V1 ; Ubuntu 18.10 ; 18         ; x86_64         ;
; Fitter               ; mehmet-ABRA-A5-V1 ; Ubuntu 18.10 ; 18         ; x86_64         ;
; Assembler            ; mehmet-ABRA-A5-V1 ; Ubuntu 18.10 ; 18         ; x86_64         ;
; Timing Analyzer      ; mehmet-ABRA-A5-V1 ; Ubuntu 18.10 ; 18         ; x86_64         ;
; EDA Netlist Writer   ; mehmet-ABRA-A5-V1 ; Ubuntu 18.10 ; 18         ; x86_64         ;
+----------------------+-------------------+--------------+------------+----------------+


------------
; Flow Log ;
------------
quartus_map --read_settings_files=on --write_settings_files=off uygulama12 -c uygulama12
quartus_fit --read_settings_files=off --write_settings_files=off uygulama12 -c uygulama12
quartus_asm --read_settings_files=off --write_settings_files=off uygulama12 -c uygulama12
quartus_sta uygulama12 -c uygulama12
quartus_eda --read_settings_files=off --write_settings_files=off uygulama12 -c uygulama12



