Flow report for uygulama5
Fri Feb 22 13:51:28 2019
Quartus Prime Version 18.1.0 Build 625 09/12/2018 SJ Lite Edition


---------------------
; Table of Contents ;
---------------------
  1. Legal Notice
  2. Flow Summary
  3. Flow Settings
  4. Flow Non-Default Global Settings
  5. Flow Elapsed Time
  6. Flow OS Summary
  7. Flow Log
  8. Flow Messages
  9. Flow Suppressed Messages



----------------
; Legal Notice ;
----------------
Copyright (C) 2018  Intel Corporation. All rights reserved.
Your use of Intel Corporation's design tools, logic functions 
and other software and tools, and its AMPP partner logic 
functions, and any output files from any of the foregoing 
(including device programming or simulation files), and any 
associated documentation or information are expressly subject 
to the terms and conditions of the Intel Program License 
Subscription Agreement, the Intel Quartus Prime License Agreement,
the Intel FPGA IP License Agreement, or other applicable license
agreement, including, without limitation, that your use is for
the sole purpose of programming logic devices manufactured by
Intel and sold by Intel or its authorized distributors.  Please
refer to the applicable agreement for further details.



+----------------------------------------------------------------------------------+
; Flow Summary                                                                     ;
+------------------------------------+---------------------------------------------+
; Flow Status                        ; Successful - Fri Feb 22 13:51:28 2019       ;
; Quartus Prime Version              ; 18.1.0 Build 625 09/12/2018 SJ Lite Edition ;
; Revision Name                      ; uygulama5                                   ;
; Top-level Entity Name              ; uygulama5                                   ;
; Family                             ; Cyclone IV E                                ;
; Device                             ; EP4CE115F29C7                               ;
; Timing Models                      ; Final                                       ;
; Total logic elements               ; 655 / 114,480 ( < 1 % )                     ;
;     Total combinational functions  ; 654 / 114,480 ( < 1 % )                     ;
;     Dedicated logic registers      ; 260 / 114,480 ( < 1 % )                     ;
; Total registers                    ; 260                                         ;
; Total pins                         ; 58 / 529 ( 11 % )                           ;
; Total virtual pins                 ; 0                                           ;
; Total memory bits                  ; 0 / 3,981,312 ( 0 % )                       ;
; Embedded Multiplier 9-bit elements ; 0 / 532 ( 0 % )                             ;
; Total PLLs                         ; 0 / 4 ( 0 % )                               ;
+------------------------------------+---------------------------------------------+


+-----------------------------------------+
; Flow Settings                           ;
+-------------------+---------------------+
; Option            ; Setting             ;
+-------------------+---------------------+
; Start date & time ; 02/22/2019 13:50:51 ;
; Main task         ; Compilation         ;
; Revision Name     ; uygulama5           ;
+-------------------+---------------------+


+-----------------------------------------------------------------------------------------------------------------------------+
; Flow Non-Default Global Settings                                                                                            ;
+-------------------------------------+----------------------------------------+---------------+-------------+----------------+
; Assignment Name                     ; Value                                  ; Default Value ; Entity Name ; Section Id     ;
+-------------------------------------+----------------------------------------+---------------+-------------+----------------+
; COMPILER_SIGNATURE_ID               ; 140845740901090.155083265011599        ; --            ; --          ; --             ;
; EDA_OUTPUT_DATA_FORMAT              ; Vhdl                                   ; --            ; --          ; eda_simulation ;
; EDA_SIMULATION_TOOL                 ; ModelSim-Altera (VHDL)                 ; <None>        ; --          ; --             ;
; EDA_TIME_SCALE                      ; 1 ps                                   ; --            ; --          ; eda_simulation ;
; MAX_CORE_JUNCTION_TEMP              ; 85                                     ; --            ; --          ; --             ;
; MIN_CORE_JUNCTION_TEMP              ; 0                                      ; --            ; --          ; --             ;
; NOMINAL_CORE_SUPPLY_VOLTAGE         ; 1.2V                                   ; --            ; --          ; --             ;
; PARTITION_COLOR                     ; -- (Not supported for targeted family) ; --            ; --          ; Top            ;
; PARTITION_FITTER_PRESERVATION_LEVEL ; -- (Not supported for targeted family) ; --            ; --          ; Top            ;
; PARTITION_NETLIST_TYPE              ; -- (Not supported for targeted family) ; --            ; --          ; Top            ;
; PROJECT_OUTPUT_DIRECTORY            ; output_files                           ; --            ; --          ; --             ;
+-------------------------------------+----------------------------------------+---------------+-------------+----------------+


+--------------------------------------------------------------------------------------------------------------------------+
; Flow Elapsed Time                                                                                                        ;
+----------------------+--------------+-------------------------+---------------------+------------------------------------+
; Module Name          ; Elapsed Time ; Average Processors Used ; Peak Virtual Memory ; Total CPU Time (on all processors) ;
+----------------------+--------------+-------------------------+---------------------+------------------------------------+
; Analysis & Synthesis ; 00:00:12     ; 1.0                     ; 944 MB              ; 00:00:28                           ;
; Fitter               ; 00:00:17     ; 1.0                     ; 1709 MB             ; 00:00:29                           ;
; Assembler            ; 00:00:03     ; 1.0                     ; 808 MB              ; 00:00:03                           ;
; Timing Analyzer      ; 00:00:02     ; 1.1                     ; 905 MB              ; 00:00:02                           ;
; EDA Netlist Writer   ; 00:00:01     ; 1.0                     ; 1048 MB             ; 00:00:01                           ;
; Total                ; 00:00:35     ; --                      ; --                  ; 00:01:03                           ;
+----------------------+--------------+-------------------------+---------------------+------------------------------------+


+---------------------------------------------------------------------------------------+
; Flow OS Summary                                                                       ;
+----------------------+-------------------+--------------+------------+----------------+
; Module Name          ; Machine Hostname  ; OS Name      ; OS Version ; Processor type ;
+----------------------+-------------------+--------------+------------+----------------+
; Analysis & Synthesis ; mehmet-ABRA-A5-V1 ; Ubuntu 18.10 ; 18         ; x86_64         ;
; Fitter               ; mehmet-ABRA-A5-V1 ; Ubuntu 18.10 ; 18         ; x86_64         ;
; Assembler            ; mehmet-ABRA-A5-V1 ; Ubuntu 18.10 ; 18         ; x86_64         ;
; Timing Analyzer      ; mehmet-ABRA-A5-V1 ; Ubuntu 18.10 ; 18         ; x86_64         ;
; EDA Netlist Writer   ; mehmet-ABRA-A5-V1 ; Ubuntu 18.10 ; 18         ; x86_64         ;
+----------------------+-------------------+--------------+------------+----------------+


------------
; Flow Log ;
------------
quartus_map --read_settings_files=on --write_settings_files=off uygulama5 -c uygulama5
quartus_fit --read_settings_files=off --write_settings_files=off uygulama5 -c uygulama5
quartus_asm --read_settings_files=off --write_settings_files=off uygulama5 -c uygulama5
quartus_sta uygulama5 -c uygulama5
quartus_eda --read_settings_files=off --write_settings_files=off uygulama5 -c uygulama5



